Line 1, col 2: invalid escape sequence (\5)
STRLIT(" \\")
STRLIT("\t\n")
Line 4, col 1: unterminated string literal
STRLIT("\\")
ID(dadas)
Line 6, col 7: invalid escape sequence (\ )
Line 6, col 9: invalid escape sequence (\ )
Line 6, col 11: invalid escape sequence (\s)
STRLIT("dadasdsadas\f")
STRLIT("3r2f \\")
Line 9, col 2: invalid escape sequence (\1)
Line 9, col 4: invalid escape sequence (\2)
Line 9, col 6: invalid escape sequence (\3)
Line 9, col 8: invalid escape sequence (\4)
Line 10, col 8: invalid escape sequence (\1)
Line 10, col 10: invalid escape sequence (\2)
Line 10, col 12: invalid escape sequence (\3)
Line 10, col 14: invalid escape sequence (\4)
Line 11, col 1: illegal character (\)
INTLIT(1)
Line 11, col 3: illegal character (\)
INTLIT(2)
Line 11, col 5: illegal character (\)
INTLIT(3)
Line 11, col 7: illegal character (\)
INTLIT(4)
ID(ddasds)
Line 11, col 15: unterminated string literal
STRLIT("sdadas")
Line 12, col 9: illegal character (\)
Line 12, col 11: invalid escape sequence (\1)
Line 12, col 13: invalid escape sequence (\2)
Line 12, col 15: invalid escape sequence (\3)
Line 12, col 17: invalid escape sequence (\4)
STRLIT("\"")
STRLIT("\\")
Line 14, col 5: unterminated string literal
Line 15, col 1: unterminated string literal
STRLIT("\"dasadsdas")
